<?xml version="1.0" encoding="UTF-8"?>
<!-- Generated by org.testng.reporters.JUnitReportReporter -->
<testsuite hostname="NDTSB06" name="testScripts.ProductScenario" tests="1" failures="0" timestamp="20 Dec 2017 13:02:22 GMT" time="36.719" errors="0">
  <testcase name="productadding" time="36.719" classname="testScripts.ProductScenario"/>
</testsuite> <!-- testScripts.ProductScenario -->
