<?xml version="1.0" encoding="UTF-8"?>
<!-- Generated by org.testng.reporters.JUnitReportReporter -->
<testsuite hostname="NDTSB06" name="testScripts.NewTest" tests="1" failures="0" timestamp="27 Dec 2017 08:25:46 GMT" time="0.855" errors="0">
  <testcase name="f" time="0.855" classname="testScripts.NewTest"/>
</testsuite> <!-- testScripts.NewTest -->
