<?xml version="1.0" encoding="UTF-8"?>
<!-- Generated by org.testng.reporters.JUnitReportReporter -->
<testsuite hostname="NDTSB06" name="testScripts.ScenarioScript26dec" tests="1" failures="0" timestamp="27 Dec 2017 09:16:06 GMT" time="63.382" errors="0">
  <testcase name="productaddingHightoLow" time="63.382" classname="testScripts.ScenarioScript26dec"/>
</testsuite> <!-- testScripts.ScenarioScript26dec -->
